This is pdfTeX, Version 3.14159265-2.6-1.40.15 (MiKTeX 2.9 64-bit) (preloaded format=pdflatex 2016.3.1)  16 JUN 2016 11:14
entering extended mode
**Paper1Background.tex
(Paper1Background.tex
LaTeX2e <2014/05/01>
Babel <3.9l> and hyphenation patterns for 68 languages loaded.
("C:\Program Files\MiKTeX 2.9\tex\latex\revtex4\revtex4.cls"
Document Class: revtex4 2001/08/03 v4.0 (http://publish.aps.org/revtex4/ for do
cumentation)
 Copyright (c) 2001 The American Physical Society.
 mailto:revtex@aps.org
 Licensed under the LPPL:
http://www.ctan.org/tex-archive/macros/latex/base/lppl.txt
 Arthur Ogawa <ogawa@teleport.com>
 Based on work by David Carlisle <david@dcarlisle.demon.co.uk>.
ltxutil: portions licensed from W. E. Baxter (web@superscript.com)
Class revtex4 Info: Repairing broken LateX \@sect on input line 596.
\intertabularlinepenalty=\count79
\@tbpen=\count80
\@arstrutbox@hline=\box26
Class revtex4 Info: Repairing broken LaTeX \@xbitor on input line 1610.
ltxgrid: portions licensed from W. E. Baxter (web@superscript.com)
\c@linecount=\count81
\output=\toks14
\@protection@box=\box27
\@topmark@saved=\toks15
\footins@saved=\box28
\pagesofar=\box29
\footbox=\box30
\pagegrid@col=\count82
Class revtex4 Info: Incorporating package {textcase}  [1998/11/12 v0.06 Text on
ly upper/lower case changing (DPC)]. on input line 3682.
("C:\Program Files\MiKTeX 2.9\tex\latex\url\url.sty"
\Urlmuskip=\muskip10
Package: url 2013/09/16  ver 3.4  Verb mode for urls, etc.
)
\c@affil=\count83
\absbox=\box31
\c@part=\count84
\c@section=\count85
\c@subsection=\count86
\c@subsubsection=\count87
\c@paragraph=\count88
\c@subparagraph=\count89
\abovecaptionskip=\skip41
\belowcaptionskip=\skip42
\c@figure=\count90
\c@table=\count91

("C:\Program Files\MiKTeX 2.9\tex\latex\natbib\natbib.sty"
Package: natbib 2010/09/13 8.31b (PWD, AO)
\bibhang=\skip43
\bibsep=\skip44
LaTeX Info: Redefining \cite on input line 694.
\c@NAT@ctr=\count92
)
\widetext@top=\box32
\widetext@bot=\box33

("C:\Program Files\MiKTeX 2.9\tex\latex\revtex4\revsymb.sty"
Package: revsymb 2001/08/03 v4.0 (http://publish.aps.org/revtex4/ for documenta
tion)
LaTeX Info: Redefining \REV@mathfrak on input line 118.
))
("C:\Program Files\MiKTeX 2.9\tex\latex\revtex4\aps.rtx"
File: aps.rtx 2001/08/03 v4.0 (http://publish.aps.org/revtex4/ for documentatio
n)
)
("C:\Program Files\MiKTeX 2.9\tex\latex\revtex4\12pt.rtx"
File: 12pt.rtx 2001/08/03 v4.0 (http://publish.aps.org/revtex4/ for documentati
on)
) (pioneer.sty
("C:\Program Files\MiKTeX 2.9\tex\latex\fancyhdr\fancyhdr.sty"
\fancy@headwidth=\skip45
\f@ncyO@elh=\skip46
\f@ncyO@erh=\skip47
\f@ncyO@olh=\skip48
\f@ncyO@orh=\skip49
\f@ncyO@elf=\skip50
\f@ncyO@erf=\skip51
\f@ncyO@olf=\skip52
\f@ncyO@orf=\skip53
))
("C:\Program Files\MiKTeX 2.9\tex\latex\graphics\graphicx.sty"
Package: graphicx 2014/10/28 v1.0g Enhanced LaTeX Graphics (DPC,SPQR)

("C:\Program Files\MiKTeX 2.9\tex\latex\graphics\keyval.sty"
Package: keyval 2014/10/28 v1.15 key=value parser (DPC)
\KV@toks@=\toks16
)
("C:\Program Files\MiKTeX 2.9\tex\latex\graphics\graphics.sty"
Package: graphics 2014/10/28 v1.0p Standard LaTeX Graphics (DPC,SPQR)

("C:\Program Files\MiKTeX 2.9\tex\latex\graphics\trig.sty"
Package: trig 1999/03/16 v1.09 sin cos tan (DPC)
)
("C:\Program Files\MiKTeX 2.9\tex\latex\00miktex\graphics.cfg"
File: graphics.cfg 2007/01/18 v1.5 graphics configuration of teTeX/TeXLive
)
Package graphics Info: Driver file: pdftex.def on input line 91.

("C:\Program Files\MiKTeX 2.9\tex\latex\pdftex-def\pdftex.def"
File: pdftex.def 2011/05/27 v0.06d Graphics/color for pdfTeX

("C:\Program Files\MiKTeX 2.9\tex\generic\oberdiek\infwarerr.sty"
Package: infwarerr 2010/04/08 v1.3 Providing info/warning/error messages (HO)
)
("C:\Program Files\MiKTeX 2.9\tex\generic\oberdiek\ltxcmds.sty"
Package: ltxcmds 2011/11/09 v1.22 LaTeX kernel commands for general use (HO)
)
\Gread@gobject=\count93
))
\Gin@req@height=\dimen102
\Gin@req@width=\dimen103
)
("C:\Program Files\MiKTeX 2.9\tex\latex\natbib\bibentry.sty"
Package: bibentry 2007/10/30 1.5 (PWD)
)
(Paper1Background.aux)
LaTeX Font Info:    Checking defaults for OML/cmm/m/it on input line 10.
LaTeX Font Info:    ... okay on input line 10.
LaTeX Font Info:    Checking defaults for T1/cmr/m/n on input line 10.
LaTeX Font Info:    ... okay on input line 10.
LaTeX Font Info:    Checking defaults for OT1/cmr/m/n on input line 10.
LaTeX Font Info:    ... okay on input line 10.
LaTeX Font Info:    Checking defaults for OMS/cmsy/m/n on input line 10.
LaTeX Font Info:    ... okay on input line 10.
LaTeX Font Info:    Checking defaults for OMX/cmex/m/n on input line 10.
LaTeX Font Info:    ... okay on input line 10.
LaTeX Font Info:    Checking defaults for U/cmr/m/n on input line 10.
LaTeX Font Info:    ... okay on input line 10.
Class revtex4 Info: Patching LaTeX tabular. on input line 10.
Class revtex4 Info: cite was not loaded (OK!) on input line 10.
Class revtex4 Info: multicol was not loaded (OK!) on input line 10.

("C:\Program Files\MiKTeX 2.9\tex\context\base\supp-pdf.mkii"
[Loading MPS to PDF converter (version 2006.09.02).]
\scratchcounter=\count94
\scratchdimen=\dimen104
\scratchbox=\box34
\nofMPsegments=\count95
\nofMParguments=\count96
\everyMPshowfont=\toks17
\MPscratchCnt=\count97
\MPscratchDim=\dimen105
\MPnumerator=\count98
\makeMPintoPDFobject=\count99
\everyMPtoPDFconversion=\toks18
)

Package Fancyhdr Warning: \fancyhead's `E' option without twoside option is use
less on input line 11.


Package Fancyhdr Warning: \fancyhead's `E' option without twoside option is use
less on input line 11.


Package Fancyhdr Warning: \fancyfoot's `E' option without twoside option is use
less on input line 11.


Package Fancyhdr Warning: \fancyfoot's `E' option without twoside option is use
less on input line 11.


Class revtex4 Warning: Assuming \noaffiliation for Tony Lu.

LaTeX Font Info:    Try loading font information for OMS+cmr on input line 24.
("C:\Program Files\MiKTeX 2.9\tex\latex\base\omscmr.fd"
File: omscmr.fd 2014/09/29 v2.5h Standard LaTeX font definitions
)
LaTeX Font Info:    Font shape `OMS/cmr/m/n' in size <12> not available
(Font)              Font shape `OMS/cmsy/m/n' tried instead on input line 24.
 [1{C:/Users/win7/AppData/Local/MiKTeX/2.9/pdftex/config/pdftex.map}]

Package Fancyhdr Warning: \headheight is too small (12.0pt): 
 Make it at least 14.0pt.
 We now make it that large for the rest of the document.
 This may cause the page layout to be inconsistent, however.

[2] <curvature.jpg, id=14, 296.307pt x 252.34274pt>
File: curvature.jpg Graphic file (type jpg)
 <use curvature.jpg>
Package pdftex.def Info: curvature.jpg used on input line 48.
(pdftex.def)             Requested size: 296.30627pt x 252.34212pt.

[3]
LaTeX Font Info:    External font `cmex10' loaded for size
(Font)              <12> on input line 55.
LaTeX Font Info:    External font `cmex10' loaded for size
(Font)              <8> on input line 55.
LaTeX Font Info:    External font `cmex10' loaded for size
(Font)              <6> on input line 55.
 [4 <./curvature.jpg>] <Piezoelectric.jpg, id=22, 162.6075pt x 155.98276pt>
File: Piezoelectric.jpg Graphic file (type jpg)

<use Piezoelectric.jpg>
Package pdftex.def Info: Piezoelectric.jpg used on input line 73.
(pdftex.def)             Requested size: 162.6071pt x 155.98238pt.
 [5]
<LIGOInterferometer.jpg, id=28, 722.7pt x 542.025pt>
File: LIGOInterferometer.jpg Graphic file (type jpg)

<use LIGOInterferometer.jpg>
Package pdftex.def Info: LIGOInterferometer.jpg used on input line 83.
(pdftex.def)             Requested size: 227.61862pt x 227.62413pt.

<Interferometer.jpg, id=29, 1303.87125pt x 499.8675pt>
File: Interferometer.jpg Graphic file (type jpg)

<use Interferometer.jpg>
Package pdftex.def Info: Interferometer.jpg used on input line 83.
(pdftex.def)             Requested size: 284.5248pt x 142.2654pt.
 [6 <./Piezoelectric.jpg>] [7 <./LIGOInterferometer.jpg> <./Interferometer.jpg>
] <SensitiveGraph.jpg, id=37, 1240.635pt x 1255.089pt>
File: SensitiveGraph.jpg Graphic file (type jpg)

<use SensitiveGraph.jpg>
Package pdftex.def Info: SensitiveGraph.jpg used on input line 89.
(pdftex.def)             Requested size: 199.16821pt x 227.61072pt.
 [8 <./SensitiveGraph.jpg>]
<LIGOsensitivity.jpg, id=41, 790.955pt x 610.28pt>
File: LIGOsensitivity.jpg Graphic file (type jpg)
 <use LIGOsensitivity.jpg>
Package pdftex.def Info: LIGOsensitivity.jpg used on input line 111.
(pdftex.def)             Requested size: 284.52634pt x 227.62523pt.

[9] [10 <./LIGOsensitivity.jpg>] (Paper1Background.bbl [11]
LaTeX Font Info:    External font `cmex10' loaded for size
(Font)              <10.95> on input line 30.

Underfull \hbox (badness 2165) in paragraph at lines 55--59
[]\OT1/cmr/m/n/10.95 B. Sathyaprakash and B. F. Schutz (2009), URL $\OT1/cmtt/m
/n/10.95 http : / / www . livingreviews . org /$
 []


Underfull \hbox (badness 2582) in paragraph at lines 102--104
[]\OT1/cmr/m/it/10.95 A brief his-tory of ligo\OT1/cmr/m/n/10.95 , URL $\OT1/cm
tt/m/n/10.95 https : / / www . ligo . caltech . edu / system / media _ files /$

 []


Overfull \hbox (77.14912pt too wide) in paragraph at lines 106--109
[]\OT1/cmr/m/n/10.95 C. Cofield (2016), URL $\OT1/cmtt/m/n/10.95 http : / / www
 . space . com / 31922-[]gravitational-[]waves-[]detection-[]what-[]it-[]means 
.$
 []


Underfull \hbox (badness 10000) in paragraph at lines 111--114
[]\OT1/cmr/m/n/10.95 S. Ner-lich (2011), URL $\OT1/cmtt/m/n/10.95 http : / / ww
w . universetoday . com / 87529 /$
 []

) [12] (Paper1Background.aux) ) 
Here is how much of TeX's memory you used:
 2990 strings out of 493698
 38170 string characters out of 3144416
 109680 words of memory out of 3000000
 6317 multiletter control sequences out of 15000+200000
 9373 words of font info for 33 fonts, out of 3000000 for 9000
 1025 hyphenation exceptions out of 8191
 31i,14n,45p,1073b,343s stack positions out of 5000i,500n,10000p,200000b,50000s
<C:/Program Files/MiKTeX 2.9/fonts/type1/public/
amsfonts/cm/cmbx10.pfb><C:/Program Files/MiKTeX 2.9/fonts/type1/public/amsfonts
/cm/cmbx12.pfb><C:/Program Files/MiKTeX 2.9/fonts/type1/public/amsfonts/cm/cmmi
12.pfb><C:/Program Files/MiKTeX 2.9/fonts/type1/public/amsfonts/cm/cmmi8.pfb><C
:/Program Files/MiKTeX 2.9/fonts/type1/public/amsfonts/cm/cmr10.pfb><C:/Program
 Files/MiKTeX 2.9/fonts/type1/public/amsfonts/cm/cmr12.pfb><C:/Program Files/Mi
KTeX 2.9/fonts/type1/public/amsfonts/cm/cmr8.pfb><C:/Program Files/MiKTeX 2.9/f
onts/type1/public/amsfonts/cm/cmsy10.pfb><C:/Program Files/MiKTeX 2.9/fonts/typ
e1/public/amsfonts/cm/cmti10.pfb><C:/Program Files/MiKTeX 2.9/fonts/type1/publi
c/amsfonts/cm/cmti12.pfb><C:/Program Files/MiKTeX 2.9/fonts/type1/public/amsfon
ts/cm/cmtt10.pfb>
Output written on Paper1Background.pdf (12 pages, 869731 bytes).
PDF statistics:
 91 PDF objects out of 1000 (max. 8388607)
 0 named destinations out of 1000 (max. 500000)
 31 words of extra memory for PDF output out of 10000 (max. 10000000)

